
Blynk Server 0.41.13-SNAPSHOT successfully started.
All server output is stored in folder 'C:\Users\Moderator\blynk-render\.\logs' file.
Your Admin url is https://192.168.80.1:9443/admin
Your Admin login email is admin@blynk.vn
Your Admin password is admin

Blynk Server 0.41.13-SNAPSHOT successfully started.
All server output is stored in folder 'C:\Users\Moderator\blynk-render\.\logs' file.
Catch shutdown hook.
Stopping servers...
Shutting down HTTP API and WebSockets server...
Shutting down HTTPS API, WebSockets and Admin server...
Shutting down Mqtt hardware server...
Stopping scheduler...
Closing all sockets...
Stopping Transport Holder...
Stopping aggregator...
Stopping BlockingIOProcessor...
Stopping DBManager...
Saving user profiles...
Done.
